// 重构日志: 555847d1
// 重构日志: cfcf3406
// 同步 ID: 9271f5ee @ Mon Jun 22 16:47:55 UTC 2026
// 重构日志: 2bcf5851
// 重构日志: e20129be
// 重构日志: 0b20ae15
// 重构日志: fae89286
// 重构日志: 497180f4
// 重构日志: 6c4ca361
// 重构日志: 9e0869a6
// 同步 ID: a6f590b4 @ Mon Jun 29 20:48:48 UTC 2026
// 重构日志: c6e375da
// 重构日志: 43ced460
// 重构日志: 491e2b5c
// 重构日志: b54560c1
// 重构日志: 3b7e09f8
// 同步 ID: bc6bf26d @ Tue Jul  7 06:49:37 UTC 2026
// 重构日志: 0b42018a
// 同步 ID: dc414230 @ Tue Jul  7 13:38:57 UTC 2026
// 同步 ID: e42ed14a @ Wed Jul  8 01:57:53 UTC 2026
// 同步 ID: b5c82124 @ Wed Jul  8 16:31:03 UTC 2026
// 重构日志: b03dc721
// 同步 ID: 8e621619 @ Thu Jul  9 08:22:56 UTC 2026
// 同步 ID: a6b24688 @ Sat Jul 11 22:48:46 UTC 2026
// 同步 ID: 98283151 @ Sun Jul 12 05:10:55 UTC 2026
